#
# A fatal error has been detected by the Java Runtime Environment:
#
#  EXCEPTION_ACCESS_VIOLATION (0xc0000005) at pc=0x000000001a9f1066, pid=6804, tid=0x000000000000106c
#
# JRE version: Java(TM) SE Runtime Environment (8.0_201-b09) (build 1.8.0_201-b09)
# Java VM: Java HotSpot(TM) 64-Bit Server VM (25.201-b09 mixed mode windows-amd64 compressed oops)
# Problematic frame:
# C  [OpenAL64.dll+0x11066]
#
# Failed to write core dump. Minidumps are not enabled by default on client versions of Windows
#
# If you would like to submit a bug report, please visit:
#   http://bugreport.java.com/bugreport/crash.jsp
# The crash happened outside the Java Virtual Machine in native code.
# See problematic frame for where to report the bug.
#

---------------  T H R E A D  ---------------

Current thread (0x0000000003196000):  JavaThread "main" [_thread_in_native, id=4204, stack(0x0000000003090000,0x0000000003190000)]

siginfo: ExceptionCode=0xc0000005, reading address 0x0000000019d85004

Registers:
RAX=0x0000000000000004, RBX=0x000000001c690090, RCX=0x0000000019d85008, RDX=0x0000000019d85004
RSP=0x000000000318cd60, RBP=0x00000000000000ff, RSI=0x0000000019d84fec, RDI=0x0000000000000000
R8 =0x0000000000000006, R9 =0x0000000019d84fec, R10=0x00000000032a8c3b, R11=0x00000000627dcd40
R12=0x0000000000000001, R13=0x000000001ac8aee0, R14=0x000000000318cf00, R15=0x0000000003196000
RIP=0x000000001a9f1066, EFLAGS=0x0000000000010202

Top of Stack: (sp=0x000000000318cd60)
0x000000000318cd60:   0000000000000000 000000001738e850
0x000000000318cd70:   0000000001337be0 0000000003196000
0x000000000318cd80:   000000001ac8aee0 0000000000000000
0x000000000318cd90:   0000000003196000 0000000001337be0
0x000000000318cda0:   000000001ac8aee0 000000000318cf00
0x000000000318cdb0:   0000000001338290 000000006266c486
0x000000000318cdc0:   000000000318d698 0000000001338330
0x000000000318cdd0:   0000000003196000 000000000318cf00
0x000000000318cde0:   000000001ac8aee0 0000000000000000
0x000000000318cdf0:   0000000019d84fec 0000000000000248
0x000000000318ce00:   000000000318cec8 000000001a9f248f
0x000000000318ce10:   000000001c690090 000000001c690090
0x000000000318ce20:   000000000000ac44 0000000000000004
0x000000000318ce30:   0000000003297e70 00000000032a8c67
0x000000000318ce40:   000000001ac8aee0 0000000003297e70
0x000000000318ce50:   0000000003297e70 00000000032a89ab 

Instructions: (pc=0x000000001a9f1066)
0x000000001a9f1046:   41 2b ec 81 3a 03 00 02 00 75 09 8b 01 89 84 24
0x000000001a9f1056:   c8 00 00 00 49 83 c0 02 48 83 c1 08 4a 8d 14 86
0x000000001a9f1066:   39 3a 75 af 4c 8d 84 24 c0 00 00 00 48 8d 15 d7
0x000000001a9f1076:   2b 03 00 33 c9 e8 58 5f 00 00 b8 40 1f 00 00 4c 


Register to memory mapping:

RAX=0x0000000000000004 is an unknown value
RBX=0x000000001c690090 is an unknown value
RCX=0x0000000019d85008 is an unknown value
RDX=0x0000000019d85004 is an unknown value
RSP=0x000000000318cd60 is pointing into the stack for thread: 0x0000000003196000
RBP=0x00000000000000ff is an unknown value
RSI=0x0000000019d84fec is an unknown value
RDI=0x0000000000000000 is an unknown value
R8 =0x0000000000000006 is an unknown value
R9 =0x0000000019d84fec is an unknown value
R10=0x00000000032a8c3b is at code_begin+891 in an Interpreter codelet
method entry point (kind = native)  [0x00000000032a88c0, 0x00000000032a9280]  2496 bytes
R11=0x00000000627dcd40 is an unknown value
R12=0x0000000000000001 is an unknown value
R13={method} {0x000000001ac8aee8} 'nalcCreateContext' '(JJ)J' in 'org/lwjgl/openal/ALC10'
R14=0x000000000318cf00 is pointing into the stack for thread: 0x0000000003196000
R15=0x0000000003196000 is a thread


Stack: [0x0000000003090000,0x0000000003190000],  sp=0x000000000318cd60,  free space=1011k
Native frames: (J=compiled Java code, j=interpreted, Vv=VM code, C=native code)
C  [OpenAL64.dll+0x11066]
C  [OpenAL64.dll+0x1248f]
C  0x00000000032a8c67

Java frames: (J=compiled Java code, j=interpreted, Vv=VM code)
j  org.lwjgl.openal.ALC10.nalcCreateContext(JJ)J+0
j  org.lwjgl.openal.ALC10.alcCreateContext(Lorg/lwjgl/openal/ALCdevice;Ljava/nio/IntBuffer;)Lorg/lwjgl/openal/ALCcontext;+8
j  org.lwjgl.openal.AL.init(Ljava/lang/String;IIZZ)V+69
j  org.lwjgl.openal.AL.create(Ljava/lang/String;IIZZ)V+246
j  org.lwjgl.openal.AL.create(Ljava/lang/String;IIZ)V+5
j  org.lwjgl.openal.AL.create()V+6
j  com.badlogic.gdx.backends.lwjgl.audio.OpenALAudio.<init>(III)V+114
j  com.badlogic.gdx.backends.lwjgl.LwjglApplication.<init>(Lcom/badlogic/gdx/ApplicationListener;Lcom/badlogic/gdx/backends/lwjgl/LwjglApplicationConfiguration;Lcom/badlogic/gdx/backends/lwjgl/LwjglGraphics;)V+120
j  com.badlogic.gdx.backends.lwjgl.LwjglApplication.<init>(Lcom/badlogic/gdx/ApplicationListener;Lcom/badlogic/gdx/backends/lwjgl/LwjglApplicationConfiguration;)V+11
j  org.uqbar.project.wollok.game.gameboard.WollokGDXApplication.<init>(Lorg/uqbar/project/wollok/game/gameboard/Gameboard;Ljava/lang/Boolean;)V+17
j  org.uqbar.project.wollok.game.helpers.Application.start(Lorg/uqbar/project/wollok/game/gameboard/Gameboard;Ljava/lang/Boolean;)V+5
j  org.uqbar.project.wollok.game.gameboard.Gameboard.start(Ljava/lang/Boolean;)V+13
j  wollok.game.GameObject.doStart(Ljava/lang/Boolean;)V+5
v  ~StubRoutines::call_stub
J 2722  sun.reflect.NativeMethodAccessorImpl.invoke0(Ljava/lang/reflect/Method;Ljava/lang/Object;[Ljava/lang/Object;)Ljava/lang/Object; (0 bytes) @ 0x0000000003b2eabf [0x0000000003b2ea40+0x7f]
J 2721 C1 sun.reflect.NativeMethodAccessorImpl.invoke(Ljava/lang/Object;[Ljava/lang/Object;)Ljava/lang/Object; (104 bytes) @ 0x0000000003b2f244 [0x0000000003b2eea0+0x3a4]
J 2358 C1 sun.reflect.DelegatingMethodAccessorImpl.invoke(Ljava/lang/Object;[Ljava/lang/Object;)Ljava/lang/Object; (10 bytes) @ 0x0000000003a53c04 [0x0000000003a53b00+0x104]
J 2311 C1 java.lang.reflect.Method.invoke(Ljava/lang/Object;[Ljava/lang/Object;)Ljava/lang/Object; (62 bytes) @ 0x0000000003a3ecec [0x0000000003a3e900+0x3ec]
j  org.uqbar.project.wollok.ui.utils.XTendUtilExtensions.invokeConvertingArgs(Ljava/lang/reflect/Method;Ljava/lang/Object;[Ljava/lang/Object;)Lorg/uqbar/project/wollok/interpreter/core/WollokObject;+265
j  org.uqbar.project.wollok.interpreter.AbstractWollokCallable._invokeNative(Ljava/lang/Object;Ljava/lang/String;[Lorg/uqbar/project/wollok/interpreter/core/WollokObject;)Lorg/uqbar/project/wollok/interpreter/core/WollokObject;+42
j  org.uqbar.project.wollok.interpreter.AbstractWollokCallable.invokeNative(Ljava/lang/Object;Ljava/lang/String;[Lorg/uqbar/project/wollok/interpreter/core/WollokObject;)Lorg/uqbar/project/wollok/interpreter/core/WollokObject;+26
j  org.uqbar.project.wollok.interpreter.AbstractWollokCallable$1.apply()Lorg/uqbar/project/wollok/interpreter/core/WollokObject;+55
j  org.uqbar.project.wollok.interpreter.AbstractWollokCallable$1.apply()Ljava/lang/Object;+1
j  org.uqbar.project.wollok.interpreter.threads.WThread.performOnStack(Lorg/eclipse/emf/ecore/EObject;Lorg/uqbar/project/wollok/interpreter/context/EvaluationContext;Lorg/eclipse/xtext/xbase/lib/Functions$Function0;)Lorg/uqbar/project/wollok/interpreter/core/WollokObject;+29
j  org.uqbar.project.wollok.interpreter.WollokInterpreter.performOnStack(Lorg/eclipse/emf/ecore/EObject;Lorg/uqbar/project/wollok/interpreter/context/EvaluationContext;Lorg/eclipse/xtext/xbase/lib/Functions$Function0;)Lorg/uqbar/project/wollok/interpreter/core/WollokObject;+7
j  org.uqbar.project.wollok.interpreter.AbstractWollokCallable.call(Lorg/uqbar/project/wollok/wollokDsl/WMethodDeclaration;[Lorg/uqbar/project/wollok/interpreter/core/WollokObject;)Lorg/uqbar/project/wollok/interpreter/core/WollokObject;+38
j  org.uqbar.project.wollok.interpreter.core.WollokObject.call(Ljava/lang/String;[Lorg/uqbar/project/wollok/interpreter/core/WollokObject;)Lorg/uqbar/project/wollok/interpreter/core/WollokObject;+55
j  org.uqbar.project.wollok.interpreter.WollokInterpreterEvaluator._evaluate(Lorg/uqbar/project/wollok/wollokDsl/WFeatureCall;)Lorg/uqbar/project/wollok/interpreter/core/WollokObject;+119
j  org.uqbar.project.wollok.launch.WollokLauncherInterpreterEvaluator.evaluate(Lorg/eclipse/emf/ecore/EObject;)Lorg/uqbar/project/wollok/interpreter/core/WollokObject;+412
j  org.uqbar.project.wollok.interpreter.WollokInterpreterEvaluator.evaluate(Lorg/eclipse/emf/ecore/EObject;)Ljava/lang/Object;+2
j  org.uqbar.project.wollok.interpreter.WollokInterpreter.eval(Lorg/eclipse/emf/ecore/EObject;)Lorg/uqbar/project/wollok/interpreter/core/WollokObject;+63
j  org.uqbar.project.wollok.interpreter.WollokInterpreterEvaluator.eval(Lorg/eclipse/emf/ecore/EObject;)Lorg/uqbar/project/wollok/interpreter/core/WollokObject;+5
j  org.uqbar.project.wollok.interpreter.WollokInterpreterEvaluator$1.apply(Lorg/uqbar/project/wollok/interpreter/core/WollokObject;Lorg/eclipse/emf/ecore/EObject;)Lorg/uqbar/project/wollok/interpreter/core/WollokObject;+5
j  org.uqbar.project.wollok.interpreter.WollokInterpreterEvaluator$1.apply(Ljava/lang/Object;Ljava/lang/Object;)Ljava/lang/Object;+9
j  org.eclipse.xtext.xbase.lib.IteratorExtensions.fold(Ljava/util/Iterator;Ljava/lang/Object;Lorg/eclipse/xtext/xbase/lib/Functions$Function2;)Ljava/lang/Object;+19
j  org.eclipse.xtext.xbase.lib.IterableExtensions.fold(Ljava/lang/Iterable;Ljava/lang/Object;Lorg/eclipse/xtext/xbase/lib/Functions$Function2;)Ljava/lang/Object;+8
j  org.uqbar.project.wollok.interpreter.WollokInterpreterEvaluator.evalAll(Ljava/lang/Iterable;)Lorg/uqbar/project/wollok/interpreter/core/WollokObject;+12
j  org.uqbar.project.wollok.interpreter.WollokInterpreterEvaluator._evaluate(Lorg/uqbar/project/wollok/wollokDsl/WBlockExpression;)Lorg/uqbar/project/wollok/interpreter/core/WollokObject;+34
j  org.uqbar.project.wollok.launch.WollokLauncherInterpreterEvaluator.evaluate(Lorg/eclipse/emf/ecore/EObject;)Lorg/uqbar/project/wollok/interpreter/core/WollokObject;+76
j  org.uqbar.project.wollok.interpreter.WollokInterpreterEvaluator.evaluate(Lorg/eclipse/emf/ecore/EObject;)Ljava/lang/Object;+2
j  org.uqbar.project.wollok.interpreter.WollokInterpreter.eval(Lorg/eclipse/emf/ecore/EObject;)Lorg/uqbar/project/wollok/interpreter/core/WollokObject;+63
j  org.uqbar.project.wollok.interpreter.AbstractWollokCallable.eval(Lorg/eclipse/emf/ecore/EObject;)Lorg/uqbar/project/wollok/interpreter/core/WollokObject;+5
j  org.uqbar.project.wollok.interpreter.AbstractWollokCallable$1.apply()Lorg/uqbar/project/wollok/interpreter/core/WollokObject;+110
j  org.uqbar.project.wollok.interpreter.AbstractWollokCallable$1.apply()Ljava/lang/Object;+1
j  org.uqbar.project.wollok.interpreter.threads.WThread.performOnStack(Lorg/eclipse/emf/ecore/EObject;Lorg/uqbar/project/wollok/interpreter/context/EvaluationContext;Lorg/eclipse/xtext/xbase/lib/Functions$Function0;)Lorg/uqbar/project/wollok/interpreter/core/WollokObject;+29
j  org.uqbar.project.wollok.interpreter.WollokInterpreter.performOnStack(Lorg/eclipse/emf/ecore/EObject;Lorg/uqbar/project/wollok/interpreter/context/EvaluationContext;Lorg/eclipse/xtext/xbase/lib/Functions$Function0;)Lorg/uqbar/project/wollok/interpreter/core/WollokObject;+7
j  org.uqbar.project.wollok.interpreter.AbstractWollokCallable.call(Lorg/uqbar/project/wollok/wollokDsl/WMethodDeclaration;[Lorg/uqbar/project/wollok/interpreter/core/WollokObject;)Lorg/uqbar/project/wollok/interpreter/core/WollokObject;+38
j  org.uqbar.project.wollok.interpreter.core.WollokObject.call(Ljava/lang/String;[Lorg/uqbar/project/wollok/interpreter/core/WollokObject;)Lorg/uqbar/project/wollok/interpreter/core/WollokObject;+55
j  org.uqbar.project.wollok.interpreter.WollokInterpreterEvaluator._evaluate(Lorg/uqbar/project/wollok/wollokDsl/WFeatureCall;)Lorg/uqbar/project/wollok/interpreter/core/WollokObject;+119
j  org.uqbar.project.wollok.launch.WollokLauncherInterpreterEvaluator.evaluate(Lorg/eclipse/emf/ecore/EObject;)Lorg/uqbar/project/wollok/interpreter/core/WollokObject;+412
j  org.uqbar.project.wollok.interpreter.WollokInterpreterEvaluator.evaluate(Lorg/eclipse/emf/ecore/EObject;)Ljava/lang/Object;+2
j  org.uqbar.project.wollok.interpreter.WollokInterpreter.eval(Lorg/eclipse/emf/ecore/EObject;)Lorg/uqbar/project/wollok/interpreter/core/WollokObject;+63
j  org.uqbar.project.wollok.interpreter.WollokInterpreterEvaluator.eval(Lorg/eclipse/emf/ecore/EObject;)Lorg/uqbar/project/wollok/interpreter/core/WollokObject;+5
j  org.uqbar.project.wollok.interpreter.WollokInterpreterEvaluator$1.apply(Lorg/uqbar/project/wollok/interpreter/core/WollokObject;Lorg/eclipse/emf/ecore/EObject;)Lorg/uqbar/project/wollok/interpreter/core/WollokObject;+5
j  org.uqbar.project.wollok.interpreter.WollokInterpreterEvaluator$1.apply(Ljava/lang/Object;Ljava/lang/Object;)Ljava/lang/Object;+9
j  org.eclipse.xtext.xbase.lib.IteratorExtensions.fold(Ljava/util/Iterator;Ljava/lang/Object;Lorg/eclipse/xtext/xbase/lib/Functions$Function2;)Ljava/lang/Object;+19
j  org.eclipse.xtext.xbase.lib.IterableExtensions.fold(Ljava/lang/Iterable;Ljava/lang/Object;Lorg/eclipse/xtext/xbase/lib/Functions$Function2;)Ljava/lang/Object;+8
j  org.uqbar.project.wollok.interpreter.WollokInterpreterEvaluator.evalAll(Ljava/lang/Iterable;)Lorg/uqbar/project/wollok/interpreter/core/WollokObject;+12
j  org.uqbar.project.wollok.interpreter.WollokInterpreterEvaluator._evaluate(Lorg/uqbar/project/wollok/wollokDsl/WProgram;)Lorg/uqbar/project/wollok/interpreter/core/WollokObject;+18
j  org.uqbar.project.wollok.launch.WollokLauncherInterpreterEvaluator.evaluate(Lorg/eclipse/emf/ecore/EObject;)Lorg/uqbar/project/wollok/interpreter/core/WollokObject;+444
j  org.uqbar.project.wollok.interpreter.WollokInterpreterEvaluator.evaluate(Lorg/eclipse/emf/ecore/EObject;)Ljava/lang/Object;+2
j  org.uqbar.project.wollok.interpreter.WollokInterpreter.eval(Lorg/eclipse/emf/ecore/EObject;)Lorg/uqbar/project/wollok/interpreter/core/WollokObject;+63
j  org.uqbar.project.wollok.interpreter.WollokInterpreterEvaluator.eval(Lorg/eclipse/emf/ecore/EObject;)Lorg/uqbar/project/wollok/interpreter/core/WollokObject;+5
j  org.uqbar.project.wollok.launch.WollokLauncherInterpreterEvaluator._evaluate(Lorg/uqbar/project/wollok/wollokDsl/WFile;)Lorg/uqbar/project/wollok/interpreter/core/WollokObject;+32
j  org.uqbar.project.wollok.launch.WollokLauncherInterpreterEvaluator.evaluate(Lorg/eclipse/emf/ecore/EObject;)Lorg/uqbar/project/wollok/interpreter/core/WollokObject;+428
j  org.uqbar.project.wollok.interpreter.WollokInterpreterEvaluator.evaluate(Lorg/eclipse/emf/ecore/EObject;)Ljava/lang/Object;+2
j  org.uqbar.project.wollok.interpreter.WollokInterpreter.interpret(Lorg/eclipse/emf/ecore/EObject;Ljava/lang/Boolean;)Lorg/uqbar/project/wollok/interpreter/core/WollokObject;+25
j  org.uqbar.project.wollok.interpreter.WollokInterpreter.interpret(Lorg/eclipse/emf/ecore/EObject;)Lorg/uqbar/project/wollok/interpreter/core/WollokObject;+8
j  org.uqbar.project.wollok.launch.WollokLauncher.doSomething(Lorg/uqbar/project/wollok/wollokDsl/WFile;Lcom/google/inject/Injector;Ljava/io/File;Lorg/uqbar/project/wollok/launch/WollokLauncherParameters;)V+57
j  org.uqbar.project.wollok.launch.WollokChecker.launch(Ljava/lang/String;Lorg/uqbar/project/wollok/launch/WollokLauncherParameters;)V+31
j  org.uqbar.project.wollok.launch.WollokChecker.doMain([Ljava/lang/String;)V+201
j  org.uqbar.project.wollok.launch.WollokLauncher.main([Ljava/lang/String;)V+8
v  ~StubRoutines::call_stub

---------------  P R O C E S S  ---------------

Java Threads: ( => current thread )
  0x0000000018557800 JavaThread "com.google.inject.internal.util.$Finalizer" daemon [_thread_blocked, id=9628, stack(0x00000000191b0000,0x00000000192b0000)]
  0x00000000181ab000 JavaThread "EMF Reference Cleaner" daemon [_thread_blocked, id=5300, stack(0x0000000018eb0000,0x0000000018fb0000)]
  0x000000001710b800 JavaThread "Service Thread" daemon [_thread_blocked, id=3540, stack(0x00000000174e0000,0x00000000175e0000)]
  0x0000000015783800 JavaThread "C1 CompilerThread2" daemon [_thread_blocked, id=2032, stack(0x0000000016fe0000,0x00000000170e0000)]
  0x000000001577d800 JavaThread "C2 CompilerThread1" daemon [_thread_blocked, id=9932, stack(0x0000000016ee0000,0x0000000016fe0000)]
  0x0000000015773800 JavaThread "C2 CompilerThread0" daemon [_thread_blocked, id=1336, stack(0x0000000016de0000,0x0000000016ee0000)]
  0x000000001576f800 JavaThread "Attach Listener" daemon [_thread_blocked, id=6756, stack(0x0000000016ce0000,0x0000000016de0000)]
  0x000000001577a000 JavaThread "Signal Dispatcher" daemon [_thread_blocked, id=8920, stack(0x0000000016be0000,0x0000000016ce0000)]
  0x0000000015760000 JavaThread "Finalizer" daemon [_thread_blocked, id=4884, stack(0x00000000169c0000,0x0000000016ac0000)]
  0x0000000003285000 JavaThread "Reference Handler" daemon [_thread_blocked, id=872, stack(0x00000000168c0000,0x00000000169c0000)]
=>0x0000000003196000 JavaThread "main" [_thread_in_native, id=4204, stack(0x0000000003090000,0x0000000003190000)]

Other Threads:
  0x0000000015738000 VMThread [stack: 0x00000000167c0000,0x00000000168c0000] [id=7040]
  0x0000000017134000 WatcherThread [stack: 0x00000000175e0000,0x00000000176e0000] [id=72]

VM state:not at safepoint (normal execution)

VM Mutex/Monitor currently owned by a thread: None

heap address: 0x00000000c3600000, size: 970 MB, Compressed Oops mode: 32-bit
Narrow klass base: 0x0000000000000000, Narrow klass shift: 3
Compressed class space size: 1073741824 Address: 0x0000000100000000

Heap:
 PSYoungGen      total 72192K, used 61930K [0x00000000ebd00000, 0x00000000f1000000, 0x0000000100000000)
  eden space 62464K, 85% used [0x00000000ebd00000,0x00000000ef116738,0x00000000efa00000)
  from space 9728K, 88% used [0x00000000f0480000,0x00000000f0ce4438,0x00000000f0e00000)
  to   space 10752K, 0% used [0x00000000efa00000,0x00000000efa00000,0x00000000f0480000)
 ParOldGen       total 42496K, used 15413K [0x00000000c3600000, 0x00000000c5f80000, 0x00000000ebd00000)
  object space 42496K, 36% used [0x00000000c3600000,0x00000000c450d550,0x00000000c5f80000)
 Metaspace       used 20516K, capacity 20712K, committed 20992K, reserved 1067008K
  class space    used 2651K, capacity 2710K, committed 2816K, reserved 1048576K

Card table byte_map: [0x0000000012650000,0x0000000012840000] byte_map_base: 0x0000000012035000

Marking Bits: (ParMarkBitMap*) 0x0000000062dd4ce0
 Begin Bits: [0x0000000012d90000, 0x0000000013cb8000)
 End Bits:   [0x0000000013cb8000, 0x0000000014be0000)

Polling page: 0x0000000000ff0000

CodeCache: size=245760Kb used=9551Kb max_used=9617Kb free=236208Kb
 bounds [0x0000000003290000, 0x0000000003c00000, 0x0000000012290000]
 total_blobs=3376 nmethods=2953 adapters=334
 compilation: enabled

Compilation events (10 events):
Event: 4.074 Thread 0x0000000015783800 2974       3       java.nio.DirectByteBuffer::put (18 bytes)
Event: 4.074 Thread 0x0000000015783800 nmethod 2974 0x0000000003b9ae10 code [0x0000000003b9af80, 0x0000000003b9b1f0]
Event: 4.074 Thread 0x0000000015783800 2975       3       java.nio.DirectByteBuffer::ix (10 bytes)
Event: 4.075 Thread 0x0000000015783800 nmethod 2975 0x0000000003b9ab10 code [0x0000000003b9ac60, 0x0000000003b9adb0]
Event: 4.075 Thread 0x0000000015783800 2977       3       java.nio.DirectByteBuffer::put (18 bytes)
Event: 4.075 Thread 0x0000000015783800 nmethod 2977 0x0000000003b9a610 code [0x0000000003b9a780, 0x0000000003b9a9f0]
Event: 4.075 Thread 0x0000000015783800 2978       1       java.nio.DirectByteBuffer::ix (10 bytes)
Event: 4.075 Thread 0x0000000015783800 nmethod 2978 0x0000000003b9a350 code [0x0000000003b9a4a0, 0x0000000003b9a5b0]
Event: 4.094 Thread 0x000000001577d800 2979       4       java.lang.ref.Finalizer::register (10 bytes)
Event: 4.098 Thread 0x000000001577d800 nmethod 2979 0x0000000003b97c50 code [0x0000000003b97dc0, 0x0000000003b98138]

GC Heap History (10 events):
Event: 0.714 GC heap before
{Heap before GC invocations=2 (full 0):
 PSYoungGen      total 18432K, used 18429K [0x00000000ebd00000, 0x00000000ed180000, 0x0000000100000000)
  eden space 15872K, 100% used [0x00000000ebd00000,0x00000000ecc80000,0x00000000ecc80000)
  from space 2560K, 99% used [0x00000000ecc80000,0x00000000eceff708,0x00000000ecf00000)
  to   space 2560K, 0% used [0x00000000ecf00000,0x00000000ecf00000,0x00000000ed180000)
 ParOldGen       total 42496K, used 439K [0x00000000c3600000, 0x00000000c5f80000, 0x00000000ebd00000)
  object space 42496K, 1% used [0x00000000c3600000,0x00000000c366dc78,0x00000000c5f80000)
 Metaspace       used 5444K, capacity 5526K, committed 5760K, reserved 1056768K
  class space    used 619K, capacity 627K, committed 640K, reserved 1048576K
Event: 0.720 GC heap after
Heap after GC invocations=2 (full 0):
 PSYoungGen      total 18432K, used 2549K [0x00000000ebd00000, 0x00000000ee100000, 0x0000000100000000)
  eden space 15872K, 0% used [0x00000000ebd00000,0x00000000ebd00000,0x00000000ecc80000)
  from space 2560K, 99% used [0x00000000ecf00000,0x00000000ed17d478,0x00000000ed180000)
  to   space 2560K, 0% used [0x00000000ecc80000,0x00000000ecc80000,0x00000000ecf00000)
 ParOldGen       total 42496K, used 2950K [0x00000000c3600000, 0x00000000c5f80000, 0x00000000ebd00000)
  object space 42496K, 6% used [0x00000000c3600000,0x00000000c38e1940,0x00000000c5f80000)
 Metaspace       used 5444K, capacity 5526K, committed 5760K, reserved 1056768K
  class space    used 619K, capacity 627K, committed 640K, reserved 1048576K
}
Event: 1.005 GC heap before
{Heap before GC invocations=3 (full 0):
 PSYoungGen      total 18432K, used 18421K [0x00000000ebd00000, 0x00000000ee100000, 0x0000000100000000)
  eden space 15872K, 100% used [0x00000000ebd00000,0x00000000ecc80000,0x00000000ecc80000)
  from space 2560K, 99% used [0x00000000ecf00000,0x00000000ed17d478,0x00000000ed180000)
  to   space 2560K, 0% used [0x00000000ecc80000,0x00000000ecc80000,0x00000000ecf00000)
 ParOldGen       total 42496K, used 2950K [0x00000000c3600000, 0x00000000c5f80000, 0x00000000ebd00000)
  object space 42496K, 6% used [0x00000000c3600000,0x00000000c38e1940,0x00000000c5f80000)
 Metaspace       used 6963K, capacity 7042K, committed 7296K, reserved 1056768K
  class space    used 815K, capacity 853K, committed 896K, reserved 1048576K
Event: 1.013 GC heap after
Heap after GC invocations=3 (full 0):
 PSYoungGen      total 18432K, used 2548K [0x00000000ebd00000, 0x00000000ee100000, 0x0000000100000000)
  eden space 15872K, 0% used [0x00000000ebd00000,0x00000000ebd00000,0x00000000ecc80000)
  from space 2560K, 99% used [0x00000000ecc80000,0x00000000ecefd198,0x00000000ecf00000)
  to   space 2560K, 0% used [0x00000000ede80000,0x00000000ede80000,0x00000000ee100000)
 ParOldGen       total 42496K, used 5823K [0x00000000c3600000, 0x00000000c5f80000, 0x00000000ebd00000)
  object space 42496K, 13% used [0x00000000c3600000,0x00000000c3bafd80,0x00000000c5f80000)
 Metaspace       used 6963K, capacity 7042K, committed 7296K, reserved 1056768K
  class space    used 815K, capacity 853K, committed 896K, reserved 1048576K
}
Event: 1.215 GC heap before
{Heap before GC invocations=4 (full 0):
 PSYoungGen      total 18432K, used 18420K [0x00000000ebd00000, 0x00000000ee100000, 0x0000000100000000)
  eden space 15872K, 100% used [0x00000000ebd00000,0x00000000ecc80000,0x00000000ecc80000)
  from space 2560K, 99% used [0x00000000ecc80000,0x00000000ecefd198,0x00000000ecf00000)
  to   space 2560K, 0% used [0x00000000ede80000,0x00000000ede80000,0x00000000ee100000)
 ParOldGen       total 42496K, used 5823K [0x00000000c3600000, 0x00000000c5f80000, 0x00000000ebd00000)
  object space 42496K, 13% used [0x00000000c3600000,0x00000000c3bafd80,0x00000000c5f80000)
 Metaspace       used 8353K, capacity 8386K, committed 8576K, reserved 1056768K
  class space    used 1034K, capacity 1045K, committed 1152K, reserved 1048576K
Event: 1.226 GC heap after
Heap after GC invocations=4 (full 0):
 PSYoungGen      total 34304K, used 2541K [0x00000000ebd00000, 0x00000000ee100000, 0x0000000100000000)
  eden space 31744K, 0% used [0x00000000ebd00000,0x00000000ebd00000,0x00000000edc00000)
  from space 2560K, 99% used [0x00000000ede80000,0x00000000ee0fb5b0,0x00000000ee100000)
  to   space 2560K, 0% used [0x00000000edc00000,0x00000000edc00000,0x00000000ede80000)
 ParOldGen       total 42496K, used 9439K [0x00000000c3600000, 0x00000000c5f80000, 0x00000000ebd00000)
  object space 42496K, 22% used [0x00000000c3600000,0x00000000c3f37e50,0x00000000c5f80000)
 Metaspace       used 8353K, capacity 8386K, committed 8576K, reserved 1056768K
  class space    used 1034K, capacity 1045K, committed 1152K, reserved 1048576K
}
Event: 1.706 GC heap before
{Heap before GC invocations=5 (full 0):
 PSYoungGen      total 34304K, used 34285K [0x00000000ebd00000, 0x00000000ee100000, 0x0000000100000000)
  eden space 31744K, 100% used [0x00000000ebd00000,0x00000000edc00000,0x00000000edc00000)
  from space 2560K, 99% used [0x00000000ede80000,0x00000000ee0fb5b0,0x00000000ee100000)
  to   space 2560K, 0% used [0x00000000edc00000,0x00000000edc00000,0x00000000ede80000)
 ParOldGen       total 42496K, used 9439K [0x00000000c3600000, 0x00000000c5f80000, 0x00000000ebd00000)
  object space 42496K, 22% used [0x00000000c3600000,0x00000000c3f37e50,0x00000000c5f80000)
 Metaspace       used 11689K, capacity 11854K, committed 12160K, reserved 1060864K
  class space    used 1522K, capacity 1559K, committed 1664K, reserved 1048576K
Event: 1.715 GC heap after
Heap after GC invocations=5 (full 0):
 PSYoungGen      total 34304K, used 2545K [0x00000000ebd00000, 0x00000000f0e00000, 0x0000000100000000)
  eden space 31744K, 0% used [0x00000000ebd00000,0x00000000ebd00000,0x00000000edc00000)
  from space 2560K, 99% used [0x00000000edc00000,0x00000000ede7c620,0x00000000ede80000)
  to   space 9728K, 0% used [0x00000000f0480000,0x00000000f0480000,0x00000000f0e00000)
 ParOldGen       total 42496K, used 15405K [0x00000000c3600000, 0x00000000c5f80000, 0x00000000ebd00000)
  object space 42496K, 36% used [0x00000000c3600000,0x00000000c450b550,0x00000000c5f80000)
 Metaspace       used 11689K, capacity 11854K, committed 12160K, reserved 1060864K
  class space    used 1522K, capacity 1559K, committed 1664K, reserved 1048576K
}
Event: 2.355 GC heap before
{Heap before GC invocations=6 (full 0):
 PSYoungGen      total 34304K, used 34289K [0x00000000ebd00000, 0x00000000f0e00000, 0x0000000100000000)
  eden space 31744K, 100% used [0x00000000ebd00000,0x00000000edc00000,0x00000000edc00000)
  from space 2560K, 99% used [0x00000000edc00000,0x00000000ede7c620,0x00000000ede80000)
  to   space 9728K, 0% used [0x00000000f0480000,0x00000000f0480000,0x00000000f0e00000)
 ParOldGen       total 42496K, used 15405K [0x00000000c3600000, 0x00000000c5f80000, 0x00000000ebd00000)
  object space 42496K, 36% used [0x00000000c3600000,0x00000000c450b550,0x00000000c5f80000)
 Metaspace       used 15628K, capacity 15780K, committed 16000K, reserved 1062912K
  class space    used 2073K, capacity 2112K, committed 2176K, reserved 1048576K
Event: 2.366 GC heap after
Heap after GC invocations=6 (full 0):
 PSYoungGen      total 72192K, used 8593K [0x00000000ebd00000, 0x00000000f1000000, 0x0000000100000000)
  eden space 62464K, 0% used [0x00000000ebd00000,0x00000000ebd00000,0x00000000efa00000)
  from space 9728K, 88% used [0x00000000f0480000,0x00000000f0ce4438,0x00000000f0e00000)
  to   space 10752K, 0% used [0x00000000efa00000,0x00000000efa00000,0x00000000f0480000)
 ParOldGen       total 42496K, used 15413K [0x00000000c3600000, 0x00000000c5f80000, 0x00000000ebd00000)
  object space 42496K, 36% used [0x00000000c3600000,0x00000000c450d550,0x00000000c5f80000)
 Metaspace       used 15628K, capacity 15780K, committed 16000K, reserved 1062912K
  class space    used 2073K, capacity 2112K, committed 2176K, reserved 1048576K
}

Deoptimization events (10 events):
Event: 3.151 Thread 0x0000000003196000 Uncommon trap: reason=array_check action=maybe_recompile pc=0x0000000003a1a514 method=org.eclipse.emf.common.util.BasicEList.assign(ILjava/lang/Object;)Ljava/lang/Object; @ 6
Event: 3.151 Thread 0x0000000003196000 Uncommon trap: reason=array_check action=maybe_recompile pc=0x0000000003a1a514 method=org.eclipse.emf.common.util.BasicEList.assign(ILjava/lang/Object;)Ljava/lang/Object; @ 6
Event: 3.373 Thread 0x0000000003196000 Uncommon trap: reason=bimorphic action=maybe_recompile pc=0x0000000003807504 method=org.eclipse.emf.common.util.AbstractEList$EIterator.next()Ljava/lang/Object; @ 1
Event: 3.377 Thread 0x0000000003196000 Uncommon trap: reason=bimorphic action=maybe_recompile pc=0x0000000003807504 method=org.eclipse.emf.common.util.AbstractEList$EIterator.next()Ljava/lang/Object; @ 1
Event: 3.377 Thread 0x0000000003196000 Uncommon trap: reason=bimorphic action=maybe_recompile pc=0x0000000003807504 method=org.eclipse.emf.common.util.AbstractEList$EIterator.next()Ljava/lang/Object; @ 1
Event: 3.377 Thread 0x0000000003196000 Uncommon trap: reason=bimorphic action=maybe_recompile pc=0x0000000003807504 method=org.eclipse.emf.common.util.AbstractEList$EIterator.next()Ljava/lang/Object; @ 1
Event: 3.488 Thread 0x0000000003196000 Uncommon trap: reason=unstable_if action=reinterpret pc=0x000000000346228c method=java.lang.ThreadLocal$ThreadLocalMap.getEntry(Ljava/lang/ThreadLocal;)Ljava/lang/ThreadLocal$ThreadLocalMap$Entry; @ 29
Event: 3.493 Thread 0x0000000003196000 Uncommon trap: reason=unstable_if action=reinterpret pc=0x000000000349d21c method=java.lang.ThreadLocal$ThreadLocalMap.getEntry(Ljava/lang/ThreadLocal;)Ljava/lang/ThreadLocal$ThreadLocalMap$Entry; @ 29
Event: 3.499 Thread 0x0000000003196000 Uncommon trap: reason=unstable_if action=reinterpret pc=0x00000000037910c0 method=java.util.WeakHashMap.expungeStaleEntries()V @ 9
Event: 3.533 Thread 0x0000000003196000 Uncommon trap: reason=unstable_if action=reinterpret pc=0x0000000003799a44 method=java.util.concurrent.ConcurrentHashMap.putVal(Ljava/lang/Object;Ljava/lang/Object;Z)Ljava/lang/Object; @ 181

Classes redefined (0 events):
No events

Internal exceptions (10 events):
Event: 1.480 Thread 0x0000000003196000 Exception <a 'java/lang/ArrayIndexOutOfBoundsException'> (0x00000000ec81fd60) thrown at [C:\re\workspace\8-2-build-windows-amd64-cygwin\jdk8u201\12322\hotspot\src\share\vm\runtime\sharedRuntime.cpp, line 605]
Event: 3.168 Thread 0x0000000003196000 Exception <a 'java/io/FileNotFoundException'> (0x00000000ed2e9438) thrown at [C:\re\workspace\8-2-build-windows-amd64-cygwin\jdk8u201\12322\hotspot\src\share\vm\prims\jni.cpp, line 709]
Event: 3.176 Thread 0x0000000003196000 Exception <a 'java/io/FileNotFoundException'> (0x00000000ed31d788) thrown at [C:\re\workspace\8-2-build-windows-amd64-cygwin\jdk8u201\12322\hotspot\src\share\vm\prims\jni.cpp, line 709]
Event: 3.179 Thread 0x0000000003196000 Exception <a 'java/io/FileNotFoundException'> (0x00000000ed3288b0) thrown at [C:\re\workspace\8-2-build-windows-amd64-cygwin\jdk8u201\12322\hotspot\src\share\vm\prims\jni.cpp, line 709]
Event: 4.084 Thread 0x0000000003196000 Exception <a 'java/security/PrivilegedActionException'> (0x00000000ef064f40) thrown at [C:\re\workspace\8-2-build-windows-amd64-cygwin\jdk8u201\12322\hotspot\src\share\vm\prims\jvm.cpp, line 1502]
Event: 4.084 Thread 0x0000000003196000 Exception <a 'java/security/PrivilegedActionException'> (0x00000000ef066470) thrown at [C:\re\workspace\8-2-build-windows-amd64-cygwin\jdk8u201\12322\hotspot\src\share\vm\prims\jvm.cpp, line 1502]
Event: 4.084 Thread 0x0000000003196000 Exception <a 'java/security/PrivilegedActionException'> (0x00000000ef0678a0) thrown at [C:\re\workspace\8-2-build-windows-amd64-cygwin\jdk8u201\12322\hotspot\src\share\vm\prims\jvm.cpp, line 1502]
Event: 4.085 Thread 0x0000000003196000 Exception <a 'java/security/PrivilegedActionException'> (0x00000000ef068f60) thrown at [C:\re\workspace\8-2-build-windows-amd64-cygwin\jdk8u201\12322\hotspot\src\share\vm\prims\jvm.cpp, line 1502]
Event: 4.085 Thread 0x0000000003196000 Exception <a 'java/security/PrivilegedActionException'> (0x00000000ef06a358) thrown at [C:\re\workspace\8-2-build-windows-amd64-cygwin\jdk8u201\12322\hotspot\src\share\vm\prims\jvm.cpp, line 1502]
Event: 4.085 Thread 0x0000000003196000 Exception <a 'java/security/PrivilegedActionException'> (0x00000000ef06b720) thrown at [C:\re\workspace\8-2-build-windows-amd64-cygwin\jdk8u201\12322\hotspot\src\share\vm\prims\jvm.cpp, line 1502]

Events (10 events):
Event: 4.112 loading class org/lwjgl/openal/ALCdevice
Event: 4.112 loading class org/lwjgl/openal/ALCdevice done
Event: 4.113 loading class org/lwjgl/openal/ALCcontext
Event: 4.113 loading class org/lwjgl/openal/ALCcontext done
Event: 4.114 loading class java/nio/DirectIntBufferU
Event: 4.114 loading class java/nio/DirectIntBufferU done
Event: 4.114 loading class org/lwjgl/openal/Util
Event: 4.114 loading class org/lwjgl/openal/Util done
Event: 4.114 loading class org/lwjgl/openal/OpenALException
Event: 4.114 loading class org/lwjgl/openal/OpenALException done


Dynamic libraries:
0x00007ff79d0d0000 - 0x00007ff79d107000 	C:\Program Files\Java\jre1.8.0_201\bin\javaw.exe
0x00007ffbc4100000 - 0x00007ffbc42ed000 	C:\Windows\SYSTEM32\ntdll.dll
0x00007ffbc3310000 - 0x00007ffbc33c3000 	C:\Windows\System32\KERNEL32.DLL
0x00007ffbc0eb0000 - 0x00007ffbc1143000 	C:\Windows\System32\KERNELBASE.dll
0x00007ffbc3230000 - 0x00007ffbc32d3000 	C:\Windows\System32\ADVAPI32.dll
0x00007ffbc3190000 - 0x00007ffbc322e000 	C:\Windows\System32\msvcrt.dll
0x00007ffbc3c60000 - 0x00007ffbc3cfe000 	C:\Windows\System32\sechost.dll
0x00007ffbc1920000 - 0x00007ffbc1a42000 	C:\Windows\System32\RPCRT4.dll
0x00007ffbc33e0000 - 0x00007ffbc3577000 	C:\Windows\System32\USER32.dll
0x00007ffbc12f0000 - 0x00007ffbc1310000 	C:\Windows\System32\win32u.dll
0x00007ffbc32e0000 - 0x00007ffbc3309000 	C:\Windows\System32\GDI32.dll
0x00007ffbc1150000 - 0x00007ffbc12e9000 	C:\Windows\System32\gdi32full.dll
0x00007ffbc01d0000 - 0x00007ffbc0270000 	C:\Windows\System32\msvcp_win.dll
0x00007ffbc02c0000 - 0x00007ffbc03ba000 	C:\Windows\System32\ucrtbase.dll
0x00007ffbb0280000 - 0x00007ffbb04f9000 	C:\Windows\WinSxS\amd64_microsoft.windows.common-controls_6595b64144ccf1df_6.0.17763.615_none_05b4414a072024d4\COMCTL32.dll
0x00007ffbc35e0000 - 0x00007ffbc390c000 	C:\Windows\System32\combase.dll
0x00007ffbc03c0000 - 0x00007ffbc043e000 	C:\Windows\System32\bcryptPrimitives.dll
0x00007ffbc1470000 - 0x00007ffbc149e000 	C:\Windows\System32\IMM32.DLL
0x00000000624d0000 - 0x00000000625a1000 	C:\Program Files\Java\jre1.8.0_201\bin\msvcr100.dll
0x00000000625b0000 - 0x0000000062e54000 	C:\Program Files\Java\jre1.8.0_201\bin\server\jvm.dll
0x00007ffbc3ec0000 - 0x00007ffbc3ec8000 	C:\Windows\System32\PSAPI.DLL
0x00007ffbb4fc0000 - 0x00007ffbb4fc9000 	C:\Windows\SYSTEM32\WSOCK32.dll
0x00007ffbb9610000 - 0x00007ffbb9634000 	C:\Windows\SYSTEM32\WINMM.dll
0x00007ffbc3ed0000 - 0x00007ffbc3f3d000 	C:\Windows\System32\WS2_32.dll
0x00007ffbb6a00000 - 0x00007ffbb6a0a000 	C:\Windows\SYSTEM32\VERSION.dll
0x00007ffbb8780000 - 0x00007ffbb87ad000 	C:\Windows\SYSTEM32\WINMMBASE.dll
0x00007ffbc0270000 - 0x00007ffbc02ba000 	C:\Windows\System32\cfgmgr32.dll
0x00007ffbb4fb0000 - 0x00007ffbb4fbf000 	C:\Program Files\Java\jre1.8.0_201\bin\verify.dll
0x00007ffbb1e20000 - 0x00007ffbb1e49000 	C:\Program Files\Java\jre1.8.0_201\bin\java.dll
0x00007ffbb1780000 - 0x00007ffbb1796000 	C:\Program Files\Java\jre1.8.0_201\bin\zip.dll
0x00007ffbc1a70000 - 0x00007ffbc2f60000 	C:\Windows\System32\SHELL32.dll
0x00007ffbc3fc0000 - 0x00007ffbc4068000 	C:\Windows\System32\shcore.dll
0x00007ffbc0440000 - 0x00007ffbc0b8a000 	C:\Windows\System32\windows.storage.dll
0x00007ffbc0100000 - 0x00007ffbc0124000 	C:\Windows\System32\profapi.dll
0x00007ffbc0170000 - 0x00007ffbc01cd000 	C:\Windows\System32\powrprof.dll
0x00007ffbc3580000 - 0x00007ffbc35d2000 	C:\Windows\System32\shlwapi.dll
0x00007ffbc0150000 - 0x00007ffbc0161000 	C:\Windows\System32\kernel.appcore.dll
0x00007ffbc1310000 - 0x00007ffbc1327000 	C:\Windows\System32\cryptsp.dll
0x0000000065580000 - 0x0000000065616000 	C:\Users\ivani\AppData\Local\Temp\libgdxivani\12dfaa03\gdx64.dll
0x00007ffbbf4d0000 - 0x00007ffbbf503000 	C:\Windows\system32\rsaenh.dll
0x00007ffbc0e20000 - 0x00007ffbc0e46000 	C:\Windows\System32\bcrypt.dll
0x00007ffbc0030000 - 0x00007ffbc0058000 	C:\Windows\SYSTEM32\USERENV.dll
0x00007ffbbfae0000 - 0x00007ffbbfaec000 	C:\Windows\SYSTEM32\CRYPTBASE.dll
0x00007ffbbbda0000 - 0x00007ffbbbdba000 	C:\Program Files\Java\jre1.8.0_201\bin\net.dll
0x00007ffbbab60000 - 0x00007ffbbad37000 	C:\Windows\SYSTEM32\urlmon.dll
0x00007ffbb5b80000 - 0x00007ffbb5e28000 	C:\Windows\SYSTEM32\iertutil.dll
0x00007ffbbf910000 - 0x00007ffbbf977000 	C:\Windows\system32\mswsock.dll
0x00007ffbbf670000 - 0x00007ffbbf6ad000 	C:\Windows\SYSTEM32\IPHLPAPI.DLL
0x00007ffbc1460000 - 0x00007ffbc1468000 	C:\Windows\System32\NSI.dll
0x00007ffbb9b60000 - 0x00007ffbb9b76000 	C:\Windows\SYSTEM32\dhcpcsvc6.DLL
0x00007ffbb9cd0000 - 0x00007ffbb9cec000 	C:\Windows\SYSTEM32\dhcpcsvc.DLL
0x00007ffbbf6b0000 - 0x00007ffbbf776000 	C:\Windows\SYSTEM32\DNSAPI.dll
0x00007ffbbbb40000 - 0x00007ffbbbb51000 	C:\Program Files\Java\jre1.8.0_201\bin\nio.dll
0x0000000180000000 - 0x0000000180053000 	C:\Users\ivani\AppData\Local\Temp\libgdxivani\dc0f0009\lwjgl64.dll
0x00007ffbacf10000 - 0x00007ffbad037000 	C:\Windows\SYSTEM32\OPENGL32.dll
0x00007ffbb2e70000 - 0x00007ffbb2e9c000 	C:\Windows\SYSTEM32\GLU32.dll
0x000000001a9e0000 - 0x000000001aa44000 	C:\Users\ivani\AppData\Local\Temp\libgdxivani\dc0f0009\OpenAL64.dll
0x00007ffbc3d00000 - 0x00007ffbc3e55000 	C:\Windows\System32\ole32.dll
0x00007ffbbe710000 - 0x00007ffbbe7ac000 	C:\Windows\system32\uxtheme.dll
0x00007ffbc3bb0000 - 0x00007ffbc3c52000 	C:\Windows\System32\clbcatq.dll
0x00007ffbbcc40000 - 0x00007ffbbcde8000 	C:\Windows\System32\PROPSYS.dll
0x00007ffbc3970000 - 0x00007ffbc3a34000 	C:\Windows\System32\OLEAUT32.dll
0x00007ffbb1e50000 - 0x00007ffbb1ee6000 	C:\Windows\SYSTEM32\dsound.dll
0x00007ffbbc300000 - 0x00007ffbbc370000 	C:\Windows\System32\MMDevApi.dll
0x00007ffbbfeb0000 - 0x00007ffbbfed9000 	C:\Windows\System32\DEVOBJ.dll
0x00007ffbbc3b0000 - 0x00007ffbbc4f8000 	C:\Windows\SYSTEM32\AUDIOSES.DLL
0x00007ffbbc9b0000 - 0x00007ffbbcb03000 	C:\Windows\SYSTEM32\wintypes.dll
0x00007ffbbc3a0000 - 0x00007ffbbc3aa000 	C:\Windows\SYSTEM32\AVRT.dll
0x00007ffbb98c0000 - 0x00007ffbb9aad000 	C:\Windows\SYSTEM32\dbghelp.dll

VM Arguments:
jvm_args: -Duser.language=es_AR -Dfile.encoding=UTF-8 
java_command: org.uqbar.project.wollok.launch.WollokLauncher -requestsPort 0 -eventsPort 0 -folder -wf src/pepitaGame.wpgm
java_class_path (initial): C:\Users\ivani\Desktop\Workspace Wollok\nombre1\bin;C:\Users\ivani\Downloads\wollok-win32.win32.x86_64\plugins\com.ibm.icu_56.1.0.v201601250100.jar;C:\Users\ivani\Downloads\wollok-win32.win32.x86_64\plugins\org.eclipse.xtext_2.11.0.v20170130-0808.jar;C:\Users\ivani\Downloads\wollok-win32.win32.x86_64\plugins\org.eclipse.emf.ecore.xmi_2.12.0.v20160420-0247.jar;C:\Users\ivani\Downloads\wollok-win32.win32.x86_64\plugins\org.eclipse.emf.ecore_2.12.0.v20160420-0247.jar;C:\Users\ivani\Downloads\wollok-win32.win32.x86_64\plugins\org.eclipse.emf.common_2.12.0.v20160420-0247.jar;C:\Users\ivani\Downloads\wollok-win32.win32.x86_64\plugins\org.antlr.runtime_3.2.0.v201101311130.jar;C:\Users\ivani\Downloads\wollok-win32.win32.x86_64\plugins\com.google.inject_3.0.0.v201605172100.jar;C:\Users\ivani\Downloads\wollok-win32.win32.x86_64\plugins\org.eclipse.emf.mwe.core_1.4.0.jar;C:\Users\ivani\Downloads\wollok-win32.win32.x86_64\plugins\org.apache.commons.cli_1.2.0.v201404270220.jar;C:\Users\ivani\Downloads\wollok-win32.win32.x86_64\plugins\org.eclipse.emf.mwe2.runtime_2.10.0.jar;C:\Users\ivani\Downloads\wollok-win32.win32.x86_64\plugins\org.eclipse.emf.mwe.utils_1.4.0.jar;C:\Users\ivani\Downloads\wollok-win32.win32.x86_64\plugins\org.eclipse.xtext.util_2.11.0.v20170130-0808.jar;C:\Users\ivani\Downloads\wollok-win32.win32.x86_64\plugins\com.google.guava_15.0.0.v201403281430.jar;C:\Users\ivani\Downloads\wollok-win32.win32.x86_64\plugins\javax.inject_1.0.0.v20091030.jar;C:\Users\ivani\Downloads\wollok-win32.win32.x86_64\plugins\org.eclipse.xtext.generator_2.11.0.v20170131-1210.jar;C:\Users\ivani\Downloads\wollok-win32.win32.x86_64\plugins\org.eclipse.xtext.xtext.generator_2.11.0.v20170130-0808.jar;C:\Users\ivani\Downloads\wollok-win32.win32.x86_64\plugins\org.eclipse.xtext.xbase.lib_2.11.0.v20170124-1424.jar;C:\Users\ivani\Downloads\wollok-win32.win32.x86_64\plugins\org.eclipse.emf.codegen.ecore_2.12.0.v20160526-0356.jar;C:\Users\ivani\Downloads\wollok-win32
Launcher Type: SUN_STANDARD

Environment Variables:
PATH=C:/Program Files/Java/jre1.8.0_201/bin/server;C:/Program Files/Java/jre1.8.0_201/bin;C:/Program Files/Java/jre1.8.0_201/lib/amd64;C:\Program Files (x86)\Common Files\Oracle\Java\javapath;C:\Windows\system32;C:\Windows;C:\Windows\System32\Wbem;C:\Windows\System32\WindowsPowerShell\v1.0\;C:\Windows\System32\OpenSSH\;C:\FPC\3.0.4\bin\i386-Win32;C:\Users\ivani\AppData\Local\Programs\Python\Python37-32\Scripts\;C:\Users\ivani\AppData\Local\Programs\Python\Python37-32\;C:\Users\ivani\AppData\Local\Microsoft\WindowsApps;;C:\Users\ivani\AppData\Local\Programs\Microsoft VS Code\bin;C:\Program Files\JetBrains\PyCharm Community Edition 2018.3.5\bin;;C:\Users\ivani\Downloads\wollok-win32.win32.x86_64;
USERNAME=ivani
OS=Windows_NT
PROCESSOR_IDENTIFIER=Intel64 Family 6 Model 58 Stepping 9, GenuineIntel



---------------  S Y S T E M  ---------------

OS: Windows 10.0 , 64 bit Build 17763 (10.0.17763.475)

CPU:total 4 (initial active 4) (2 cores per cpu, 2 threads per core) family 6 model 58 stepping 9, cmov, cx8, fxsr, mmx, sse, sse2, sse3, ssse3, sse4.1, sse4.2, popcnt, avx, aes, clmul, erms, ht, tsc, tscinvbit, tscinv

Memory: 4k page, physical 3970540k(1031392k free), swap 6300692k(1955952k free)

vm_info: Java HotSpot(TM) 64-Bit Server VM (25.201-b09) for windows-amd64 JRE (1.8.0_201-b09), built on Dec 15 2018 18:36:39 by "java_re" with MS VC++ 10.0 (VS2010)

time: Thu Jul 11 20:31:14 2019
timezone: Hora estándar de Argentina
elapsed time: 4 seconds (0d 0h 0m 4s)

